<?xml version="1.0" encoding="UTF-8"?>
<!-- Generated by org.testng.reporters.JUnitReportReporter -->
<testsuite hostname="NDADEVPC397" name="com.qa.test.PostAPITest" tests="1" failures="0" timestamp="5 Feb 2018 15:03:29 GMT" time="1.267" errors="0">
  <testcase name="postAPITest" time="1.267" classname="com.qa.test.PostAPITest"/>
</testsuite> <!-- com.qa.test.PostAPITest -->
