<?xml version="1.0" encoding="UTF-8"?>
<!-- Generated by org.testng.reporters.JUnitReportReporter -->
<testsuite hostname="NDADEVPC397" name="com.qa.test.GetAPITest" tests="2" failures="0" timestamp="5 Feb 2018 12:19:49 GMT" time="2.345" errors="0">
  <testcase name="getAPITestWithHeaders" time="1.059" classname="com.qa.test.GetAPITest"/>
  <testcase name="getAPITest" time="1.286" classname="com.qa.test.GetAPITest"/>
</testsuite> <!-- com.qa.test.GetAPITest -->
